<?xml version="1.0" encoding="UTF-8"?>
<testng-results skipped="0" failed="0" ignored="0" total="1" passed="1">
  <reporter-output>
  </reporter-output>
  <suite name="Default suite" duration-ms="1390" started-at="2020-05-19T13:05:17 IST" finished-at="2020-05-19T13:05:18 IST">
    <groups>
    </groups>
    <test name="Default test" duration-ms="1390" started-at="2020-05-19T13:05:17 IST" finished-at="2020-05-19T13:05:18 IST">
      <class name="Requests.Assertions">
        <test-method status="PASS" signature="assertUsingJSON_Demo5()[pri:0, instance:Requests.Assertions@6325a3ee]" name="assertUsingJSON_Demo5" duration-ms="1356" started-at="2020-05-19T13:05:17 IST" finished-at="2020-05-19T13:05:18 IST">
          <reporter-output>
          </reporter-output>
        </test-method> <!-- assertUsingJSON_Demo5 -->
      </class> <!-- Requests.Assertions -->
    </test> <!-- Default test -->
  </suite> <!-- Default suite -->
</testng-results>
